ELF Header:
  Magic:   7f 45 4c 46 02 01 01 00 00 00 00 00 00 00 00 00 
  Class:                             ELF64
  Data:                              2's complement, little endian
  Version:                           1 (current)
  OS/ABI:                            UNIX - System V
  ABI Version:                       0
  Type:                              EXEC (Executable file)
  Machine:                           Advanced Micro Devices X86-64
  Version:                           0x1
  Entry point address:               0x401000
  Start of program headers:          64 (bytes into file)
  Start of section headers:          8552 (bytes into file)
  Flags:                             0x0
  Size of this header:               64 (bytes)
  Size of program headers:           56 (bytes)
  Number of program headers:         7
  Size of section headers:           64 (bytes)
  Number of section headers:         9
  Section header string table index: 8

Section Headers:
  [Nr] Name              Type            Address          Off    Size   ES Flg Lk Inf Al
  [ 0]                   NULL            0000000000000000 000000 000000 00      0   0  0
  [ 1] .note.gnu.property NOTE            00000000004001c8 0001c8 000020 00   A  0   0  8
  [ 2] .note.gnu.build-id NOTE            00000000004001e8 0001e8 000024 00   A  0   0  4
  [ 3] .text             PROGBITS        0000000000401000 001000 000007 00  AX  0   0  1
  [ 4] .eh_frame         PROGBITS        0000000000402000 002000 00002c 00   A  0   0  8
  [ 5] .comment          PROGBITS        0000000000000000 00202c 00002b 01  MS  0   0  1
  [ 6] .symtab           SYMTAB          0000000000000000 002058 000090 18      7   2  8
  [ 7] .strtab           STRTAB          0000000000000000 0020e8 00001f 00      0   0  1
  [ 8] .shstrtab         STRTAB          0000000000000000 002107 00005a 00      0   0  1
Key to Flags:
  W (write), A (alloc), X (execute), M (merge), S (strings), I (info),
  L (link order), O (extra OS processing required), G (group), T (TLS),
  C (compressed), x (unknown), o (OS specific), E (exclude),
  D (mbind), l (large), p (processor specific)

There are no section groups in this file.

Program Headers:
  Type           Offset   VirtAddr           PhysAddr           FileSiz  MemSiz   Flg Align
  LOAD           0x000000 0x0000000000400000 0x0000000000400000 0x00020c 0x00020c R   0x1000
  LOAD           0x001000 0x0000000000401000 0x0000000000401000 0x000007 0x000007 R E 0x1000
  LOAD           0x002000 0x0000000000402000 0x0000000000402000 0x00002c 0x00002c R   0x1000
  NOTE           0x0001c8 0x00000000004001c8 0x00000000004001c8 0x000020 0x000020 R   0x8
  NOTE           0x0001e8 0x00000000004001e8 0x00000000004001e8 0x000024 0x000024 R   0x4
  GNU_PROPERTY   0x0001c8 0x00000000004001c8 0x00000000004001c8 0x000020 0x000020 R   0x8
  GNU_STACK      0x000000 0x0000000000000000 0x0000000000000000 0x000000 0x000000 RW  0x10

 Section to Segment mapping:
  Segment Sections...
   00     .note.gnu.property .note.gnu.build-id 
   01     .text 
   02     .eh_frame 
   03     .note.gnu.property 
   04     .note.gnu.build-id 
   05     .note.gnu.property 
   06     

There is no dynamic section in this file.

There are no relocations in this file.
No processor specific unwind information to decode

Symbol table '.symtab' contains 6 entries:
   Num:    Value          Size Type    Bind   Vis      Ndx Name
     0: 0000000000000000     0 NOTYPE  LOCAL  DEFAULT  UND 
     1: 0000000000000000     0 FILE    LOCAL  DEFAULT  ABS uic.c
     2: 0000000000401000     7 FUNC    GLOBAL DEFAULT    3 _start
     3: 0000000000403000     0 NOTYPE  GLOBAL DEFAULT    4 __bss_start
     4: 0000000000403000     0 NOTYPE  GLOBAL DEFAULT    4 _edata
     5: 0000000000403000     0 NOTYPE  GLOBAL DEFAULT    4 _end

No version information found in this file.

Displaying notes found in: .note.gnu.property
  Owner                Data size 	Description
  GNU                  0x00000010	NT_GNU_PROPERTY_TYPE_0	      Properties: x86 feature: IBT, SHSTK

Displaying notes found in: .note.gnu.build-id
  Owner                Data size 	Description
  GNU                  0x00000014	NT_GNU_BUILD_ID (unique build ID bitstring)	    Build ID: c4344c952d7c149f6d66a8a74566f54abd095b96
