
exe_with_dynamic_lib:     file format elf64-x86-64


Disassembly of section .interp:

0000000000000318 <.interp>:
 318:	2f                   	(bad)  
 319:	6c                   	insb   (%dx),%es:(%rdi)
 31a:	69 62 36 34 2f 6c 64 	imul   $0x646c2f34,0x36(%rdx),%esp
 321:	2d 6c 69 6e 75       	sub    $0x756e696c,%eax
 326:	78 2d                	js     355 <__abi_tag-0x37>
 328:	78 38                	js     362 <__abi_tag-0x2a>
 32a:	36 2d 36 34 2e 73    	ss sub $0x732e3436,%eax
 330:	6f                   	outsl  %ds:(%rsi),(%dx)
 331:	2e 32 00             	cs xor (%rax),%al

Disassembly of section .note.gnu.property:

0000000000000338 <.note.gnu.property>:
 338:	04 00                	add    $0x0,%al
 33a:	00 00                	add    %al,(%rax)
 33c:	20 00                	and    %al,(%rax)
 33e:	00 00                	add    %al,(%rax)
 340:	05 00 00 00 47       	add    $0x47000000,%eax
 345:	4e 55                	rex.WRX push %rbp
 347:	00 02                	add    %al,(%rdx)
 349:	00 00                	add    %al,(%rax)
 34b:	c0 04 00 00          	rolb   $0x0,(%rax,%rax,1)
 34f:	00 03                	add    %al,(%rbx)
 351:	00 00                	add    %al,(%rax)
 353:	00 00                	add    %al,(%rax)
 355:	00 00                	add    %al,(%rax)
 357:	00 02                	add    %al,(%rdx)
 359:	80 00 c0             	addb   $0xc0,(%rax)
 35c:	04 00                	add    $0x0,%al
 35e:	00 00                	add    %al,(%rax)
 360:	01 00                	add    %eax,(%rax)
 362:	00 00                	add    %al,(%rax)
 364:	00 00                	add    %al,(%rax)
	...

Disassembly of section .note.gnu.build-id:

0000000000000368 <.note.gnu.build-id>:
 368:	04 00                	add    $0x0,%al
 36a:	00 00                	add    %al,(%rax)
 36c:	14 00                	adc    $0x0,%al
 36e:	00 00                	add    %al,(%rax)
 370:	03 00                	add    (%rax),%eax
 372:	00 00                	add    %al,(%rax)
 374:	47                   	rex.RXB
 375:	4e 55                	rex.WRX push %rbp
 377:	00 12                	add    %dl,(%rdx)
 379:	16                   	(bad)  
 37a:	20 7f 09             	and    %bh,0x9(%rdi)
 37d:	87 74 1f 0a          	xchg   %esi,0xa(%rdi,%rbx,1)
 381:	07                   	(bad)  
 382:	0b e1                	or     %ecx,%esp
 384:	b3 c7                	mov    $0xc7,%bl
 386:	46 95                	rex.RX xchg %eax,%ebp
 388:	07                   	(bad)  
 389:	dd 30                	fnsave (%rax)
 38b:	88                   	.byte 0x88

Disassembly of section .note.ABI-tag:

000000000000038c <__abi_tag>:
 38c:	04 00                	add    $0x0,%al
 38e:	00 00                	add    %al,(%rax)
 390:	10 00                	adc    %al,(%rax)
 392:	00 00                	add    %al,(%rax)
 394:	01 00                	add    %eax,(%rax)
 396:	00 00                	add    %al,(%rax)
 398:	47                   	rex.RXB
 399:	4e 55                	rex.WRX push %rbp
 39b:	00 00                	add    %al,(%rax)
 39d:	00 00                	add    %al,(%rax)
 39f:	00 03                	add    %al,(%rbx)
 3a1:	00 00                	add    %al,(%rax)
 3a3:	00 02                	add    %al,(%rdx)
 3a5:	00 00                	add    %al,(%rax)
 3a7:	00 00                	add    %al,(%rax)
 3a9:	00 00                	add    %al,(%rax)
	...

Disassembly of section .gnu.hash:

00000000000003b0 <.gnu.hash>:
 3b0:	02 00                	add    (%rax),%al
 3b2:	00 00                	add    %al,(%rax)
 3b4:	08 00                	or     %al,(%rax)
 3b6:	00 00                	add    %al,(%rax)
 3b8:	01 00                	add    %eax,(%rax)
 3ba:	00 00                	add    %al,(%rax)
 3bc:	06                   	(bad)  
 3bd:	00 00                	add    %al,(%rax)
 3bf:	00 00                	add    %al,(%rax)
 3c1:	00 81 00 00 00 00    	add    %al,0x0(%rcx)
 3c7:	00 08                	add    %cl,(%rax)
 3c9:	00 00                	add    %al,(%rax)
 3cb:	00 00                	add    %al,(%rax)
 3cd:	00 00                	add    %al,(%rax)
 3cf:	00 d1                	add    %dl,%cl
 3d1:	65 ce                	gs (bad) 
 3d3:	6d                   	insl   (%dx),%es:(%rdi)

Disassembly of section .dynsym:

00000000000003d8 <.dynsym>:
	...
 3f0:	62                   	(bad)  
 3f1:	00 00                	add    %al,(%rax)
 3f3:	00 12                	add    %dl,(%rdx)
	...
 405:	00 00                	add    %al,(%rax)
 407:	00 01                	add    %al,(%rcx)
 409:	00 00                	add    %al,(%rax)
 40b:	00 20                	add    %ah,(%rax)
	...
 41d:	00 00                	add    %al,(%rax)
 41f:	00 46 00             	add    %al,0x0(%rsi)
 422:	00 00                	add    %al,(%rax)
 424:	12 00                	adc    (%rax),%al
	...
 436:	00 00                	add    %al,(%rax)
 438:	74 00                	je     43a <__abi_tag+0xae>
 43a:	00 00                	add    %al,(%rax)
 43c:	12 00                	adc    (%rax),%al
	...
 44e:	00 00                	add    %al,(%rax)
 450:	1d 00 00 00 20       	sbb    $0x20000000,%eax
	...
 465:	00 00                	add    %al,(%rax)
 467:	00 4a 00             	add    %cl,0x0(%rdx)
 46a:	00 00                	add    %al,(%rax)
 46c:	12 00                	adc    (%rax),%al
	...
 47e:	00 00                	add    %al,(%rax)
 480:	2c 00                	sub    $0x0,%al
 482:	00 00                	add    %al,(%rax)
 484:	20 00                	and    %al,(%rax)
	...
 496:	00 00                	add    %al,(%rax)
 498:	53                   	push   %rbx
 499:	00 00                	add    %al,(%rax)
 49b:	00 22                	add    %ah,(%rdx)
	...

Disassembly of section .dynstr:

00000000000004b0 <.dynstr>:
 4b0:	00 5f 49             	add    %bl,0x49(%rdi)
 4b3:	54                   	push   %rsp
 4b4:	4d 5f                	rex.WRB pop %r15
 4b6:	64 65 72 65          	fs gs jb 51f <__abi_tag+0x193>
 4ba:	67 69 73 74 65 72 54 	imul   $0x4d547265,0x74(%ebx),%esi
 4c1:	4d 
 4c2:	43 6c                	rex.XB insb (%dx),%es:(%rdi)
 4c4:	6f                   	outsl  %ds:(%rsi),(%dx)
 4c5:	6e                   	outsb  %ds:(%rsi),(%dx)
 4c6:	65 54                	gs push %rsp
 4c8:	61                   	(bad)  
 4c9:	62                   	(bad)  
 4ca:	6c                   	insb   (%dx),%es:(%rdi)
 4cb:	65 00 5f 5f          	add    %bl,%gs:0x5f(%rdi)
 4cf:	67 6d                	insl   (%dx),%es:(%edi)
 4d1:	6f                   	outsl  %ds:(%rsi),(%dx)
 4d2:	6e                   	outsb  %ds:(%rsi),(%dx)
 4d3:	5f                   	pop    %rdi
 4d4:	73 74                	jae    54a <__abi_tag+0x1be>
 4d6:	61                   	(bad)  
 4d7:	72 74                	jb     54d <__abi_tag+0x1c1>
 4d9:	5f                   	pop    %rdi
 4da:	5f                   	pop    %rdi
 4db:	00 5f 49             	add    %bl,0x49(%rdi)
 4de:	54                   	push   %rsp
 4df:	4d 5f                	rex.WRB pop %r15
 4e1:	72 65                	jb     548 <__abi_tag+0x1bc>
 4e3:	67 69 73 74 65 72 54 	imul   $0x4d547265,0x74(%ebx),%esi
 4ea:	4d 
 4eb:	43 6c                	rex.XB insb (%dx),%es:(%rdi)
 4ed:	6f                   	outsl  %ds:(%rsi),(%dx)
 4ee:	6e                   	outsb  %ds:(%rsi),(%dx)
 4ef:	65 54                	gs push %rsp
 4f1:	61                   	(bad)  
 4f2:	62                   	(bad)  
 4f3:	6c                   	insb   (%dx),%es:(%rdi)
 4f4:	65 00 61 64          	add    %ah,%gs:0x64(%rcx)
 4f8:	64 00 73 75          	add    %dh,%fs:0x75(%rbx)
 4fc:	62                   	(bad)  
 4fd:	74 72                	je     571 <__abi_tag+0x1e5>
 4ff:	61                   	(bad)  
 500:	63 74 00 5f          	movsxd 0x5f(%rax,%rax,1),%esi
 504:	5f                   	pop    %rdi
 505:	63 78 61             	movsxd 0x61(%rax),%edi
 508:	5f                   	pop    %rdi
 509:	66 69 6e 61 6c 69    	imul   $0x696c,0x61(%rsi),%bp
 50f:	7a 65                	jp     576 <__abi_tag+0x1ea>
 511:	00 5f 5f             	add    %bl,0x5f(%rdi)
 514:	6c                   	insb   (%dx),%es:(%rdi)
 515:	69 62 63 5f 73 74 61 	imul   $0x6174735f,0x63(%rdx),%esp
 51c:	72 74                	jb     592 <__abi_tag+0x206>
 51e:	5f                   	pop    %rdi
 51f:	6d                   	insl   (%dx),%es:(%rdi)
 520:	61                   	(bad)  
 521:	69 6e 00 70 72 69 6e 	imul   $0x6e697270,0x0(%rsi),%ebp
 528:	74 66                	je     590 <__abi_tag+0x204>
 52a:	00 6c 69 62          	add    %ch,0x62(%rcx,%rbp,2)
 52e:	6d                   	insl   (%dx),%es:(%rdi)
 52f:	79 6d                	jns    59e <__abi_tag+0x212>
 531:	61                   	(bad)  
 532:	74 68                	je     59c <__abi_tag+0x210>
 534:	2e 73 6f             	jae,pn 5a6 <__abi_tag+0x21a>
 537:	00 6c 69 62          	add    %ch,0x62(%rcx,%rbp,2)
 53b:	63 2e                	movsxd (%rsi),%ebp
 53d:	73 6f                	jae    5ae <__abi_tag+0x222>
 53f:	2e 36 00 47 4c       	cs ss add %al,0x4c(%rdi)
 544:	49                   	rex.WB
 545:	42                   	rex.X
 546:	43 5f                	rex.XB pop %r15
 548:	32 2e                	xor    (%rsi),%ch
 54a:	32 2e                	xor    (%rsi),%ch
 54c:	35 00 47 4c 49       	xor    $0x494c4700,%eax
 551:	42                   	rex.X
 552:	43 5f                	rex.XB pop %r15
 554:	32 2e                	xor    (%rsi),%ch
 556:	33 34 00             	xor    (%rax,%rax,1),%esi

Disassembly of section .gnu.version:

000000000000055a <.gnu.version>:
 55a:	00 00                	add    %al,(%rax)
 55c:	02 00                	add    (%rax),%al
 55e:	01 00                	add    %eax,(%rax)
 560:	01 00                	add    %eax,(%rax)
 562:	03 00                	add    (%rax),%eax
 564:	01 00                	add    %eax,(%rax)
 566:	01 00                	add    %eax,(%rax)
 568:	01 00                	add    %eax,(%rax)
 56a:	03 00                	add    (%rax),%eax

Disassembly of section .gnu.version_r:

0000000000000570 <.gnu.version_r>:
 570:	01 00                	add    %eax,(%rax)
 572:	02 00                	add    (%rax),%al
 574:	88 00                	mov    %al,(%rax)
 576:	00 00                	add    %al,(%rax)
 578:	10 00                	adc    %al,(%rax)
 57a:	00 00                	add    %al,(%rax)
 57c:	00 00                	add    %al,(%rax)
 57e:	00 00                	add    %al,(%rax)
 580:	75 1a                	jne    59c <__abi_tag+0x210>
 582:	69 09 00 00 03 00    	imul   $0x30000,(%rcx),%ecx
 588:	92                   	xchg   %eax,%edx
 589:	00 00                	add    %al,(%rax)
 58b:	00 10                	add    %dl,(%rax)
 58d:	00 00                	add    %al,(%rax)
 58f:	00 b4 91 96 06 00 00 	add    %dh,0x696(%rcx,%rdx,4)
 596:	02 00                	add    (%rax),%al
 598:	9e                   	sahf   
 599:	00 00                	add    %al,(%rax)
 59b:	00 00                	add    %al,(%rax)
 59d:	00 00                	add    %al,(%rax)
	...

Disassembly of section .rela.dyn:

00000000000005a0 <.rela.dyn>:
 5a0:	98                   	cwtl   
 5a1:	3d 00 00 00 00       	cmp    $0x0,%eax
 5a6:	00 00                	add    %al,(%rax)
 5a8:	08 00                	or     %al,(%rax)
 5aa:	00 00                	add    %al,(%rax)
 5ac:	00 00                	add    %al,(%rax)
 5ae:	00 00                	add    %al,(%rax)
 5b0:	80 11 00             	adcb   $0x0,(%rcx)
 5b3:	00 00                	add    %al,(%rax)
 5b5:	00 00                	add    %al,(%rax)
 5b7:	00 a0 3d 00 00 00    	add    %ah,0x3d(%rax)
 5bd:	00 00                	add    %al,(%rax)
 5bf:	00 08                	add    %cl,(%rax)
 5c1:	00 00                	add    %al,(%rax)
 5c3:	00 00                	add    %al,(%rax)
 5c5:	00 00                	add    %al,(%rax)
 5c7:	00 40 11             	add    %al,0x11(%rax)
 5ca:	00 00                	add    %al,(%rax)
 5cc:	00 00                	add    %al,(%rax)
 5ce:	00 00                	add    %al,(%rax)
 5d0:	08 40 00             	or     %al,0x0(%rax)
 5d3:	00 00                	add    %al,(%rax)
 5d5:	00 00                	add    %al,(%rax)
 5d7:	00 08                	add    %cl,(%rax)
 5d9:	00 00                	add    %al,(%rax)
 5db:	00 00                	add    %al,(%rax)
 5dd:	00 00                	add    %al,(%rax)
 5df:	00 08                	add    %cl,(%rax)
 5e1:	40 00 00             	rex add %al,(%rax)
 5e4:	00 00                	add    %al,(%rax)
 5e6:	00 00                	add    %al,(%rax)
 5e8:	d8 3f                	fdivrs (%rdi)
 5ea:	00 00                	add    %al,(%rax)
 5ec:	00 00                	add    %al,(%rax)
 5ee:	00 00                	add    %al,(%rax)
 5f0:	06                   	(bad)  
 5f1:	00 00                	add    %al,(%rax)
 5f3:	00 01                	add    %al,(%rcx)
	...
 5fd:	00 00                	add    %al,(%rax)
 5ff:	00 e0                	add    %ah,%al
 601:	3f                   	(bad)  
 602:	00 00                	add    %al,(%rax)
 604:	00 00                	add    %al,(%rax)
 606:	00 00                	add    %al,(%rax)
 608:	06                   	(bad)  
 609:	00 00                	add    %al,(%rax)
 60b:	00 02                	add    %al,(%rdx)
	...
 615:	00 00                	add    %al,(%rax)
 617:	00 e8                	add    %ch,%al
 619:	3f                   	(bad)  
 61a:	00 00                	add    %al,(%rax)
 61c:	00 00                	add    %al,(%rax)
 61e:	00 00                	add    %al,(%rax)
 620:	06                   	(bad)  
 621:	00 00                	add    %al,(%rax)
 623:	00 05 00 00 00 00    	add    %al,0x0(%rip)        # 629 <__abi_tag+0x29d>
 629:	00 00                	add    %al,(%rax)
 62b:	00 00                	add    %al,(%rax)
 62d:	00 00                	add    %al,(%rax)
 62f:	00 f0                	add    %dh,%al
 631:	3f                   	(bad)  
 632:	00 00                	add    %al,(%rax)
 634:	00 00                	add    %al,(%rax)
 636:	00 00                	add    %al,(%rax)
 638:	06                   	(bad)  
 639:	00 00                	add    %al,(%rax)
 63b:	00 07                	add    %al,(%rdi)
	...
 645:	00 00                	add    %al,(%rax)
 647:	00 f8                	add    %bh,%al
 649:	3f                   	(bad)  
 64a:	00 00                	add    %al,(%rax)
 64c:	00 00                	add    %al,(%rax)
 64e:	00 00                	add    %al,(%rax)
 650:	06                   	(bad)  
 651:	00 00                	add    %al,(%rax)
 653:	00 08                	add    %cl,(%rax)
	...

Disassembly of section .rela.plt:

0000000000000660 <.rela.plt>:
 660:	c0 3f 00             	sarb   $0x0,(%rdi)
 663:	00 00                	add    %al,(%rax)
 665:	00 00                	add    %al,(%rax)
 667:	00 07                	add    %al,(%rdi)
 669:	00 00                	add    %al,(%rax)
 66b:	00 03                	add    %al,(%rbx)
	...
 675:	00 00                	add    %al,(%rax)
 677:	00 c8                	add    %cl,%al
 679:	3f                   	(bad)  
 67a:	00 00                	add    %al,(%rax)
 67c:	00 00                	add    %al,(%rax)
 67e:	00 00                	add    %al,(%rax)
 680:	07                   	(bad)  
 681:	00 00                	add    %al,(%rax)
 683:	00 04 00             	add    %al,(%rax,%rax,1)
	...
 68e:	00 00                	add    %al,(%rax)
 690:	d0 3f                	sarb   (%rdi)
 692:	00 00                	add    %al,(%rax)
 694:	00 00                	add    %al,(%rax)
 696:	00 00                	add    %al,(%rax)
 698:	07                   	(bad)  
 699:	00 00                	add    %al,(%rax)
 69b:	00 06                	add    %al,(%rsi)
	...

Disassembly of section .init:

0000000000001000 <_init>:
    1000:	f3 0f 1e fa          	endbr64 
    1004:	48 83 ec 08          	sub    $0x8,%rsp
    1008:	48 8b 05 d9 2f 00 00 	mov    0x2fd9(%rip),%rax        # 3fe8 <__gmon_start__@Base>
    100f:	48 85 c0             	test   %rax,%rax
    1012:	74 02                	je     1016 <_init+0x16>
    1014:	ff d0                	call   *%rax
    1016:	48 83 c4 08          	add    $0x8,%rsp
    101a:	c3                   	ret    

Disassembly of section .plt:

0000000000001020 <.plt>:
    1020:	ff 35 8a 2f 00 00    	push   0x2f8a(%rip)        # 3fb0 <_GLOBAL_OFFSET_TABLE_+0x8>
    1026:	f2 ff 25 8b 2f 00 00 	bnd jmp *0x2f8b(%rip)        # 3fb8 <_GLOBAL_OFFSET_TABLE_+0x10>
    102d:	0f 1f 00             	nopl   (%rax)
    1030:	f3 0f 1e fa          	endbr64 
    1034:	68 00 00 00 00       	push   $0x0
    1039:	f2 e9 e1 ff ff ff    	bnd jmp 1020 <_init+0x20>
    103f:	90                   	nop
    1040:	f3 0f 1e fa          	endbr64 
    1044:	68 01 00 00 00       	push   $0x1
    1049:	f2 e9 d1 ff ff ff    	bnd jmp 1020 <_init+0x20>
    104f:	90                   	nop
    1050:	f3 0f 1e fa          	endbr64 
    1054:	68 02 00 00 00       	push   $0x2
    1059:	f2 e9 c1 ff ff ff    	bnd jmp 1020 <_init+0x20>
    105f:	90                   	nop

Disassembly of section .plt.got:

0000000000001060 <__cxa_finalize@plt>:
    1060:	f3 0f 1e fa          	endbr64 
    1064:	f2 ff 25 8d 2f 00 00 	bnd jmp *0x2f8d(%rip)        # 3ff8 <__cxa_finalize@GLIBC_2.2.5>
    106b:	0f 1f 44 00 00       	nopl   0x0(%rax,%rax,1)

Disassembly of section .plt.sec:

0000000000001070 <add@plt>:
    1070:	f3 0f 1e fa          	endbr64 
    1074:	f2 ff 25 45 2f 00 00 	bnd jmp *0x2f45(%rip)        # 3fc0 <add@Base>
    107b:	0f 1f 44 00 00       	nopl   0x0(%rax,%rax,1)

0000000000001080 <printf@plt>:
    1080:	f3 0f 1e fa          	endbr64 
    1084:	f2 ff 25 3d 2f 00 00 	bnd jmp *0x2f3d(%rip)        # 3fc8 <printf@GLIBC_2.2.5>
    108b:	0f 1f 44 00 00       	nopl   0x0(%rax,%rax,1)

0000000000001090 <subtract@plt>:
    1090:	f3 0f 1e fa          	endbr64 
    1094:	f2 ff 25 35 2f 00 00 	bnd jmp *0x2f35(%rip)        # 3fd0 <subtract@Base>
    109b:	0f 1f 44 00 00       	nopl   0x0(%rax,%rax,1)

Disassembly of section .text:

00000000000010a0 <_start>:
    10a0:	f3 0f 1e fa          	endbr64 
    10a4:	31 ed                	xor    %ebp,%ebp
    10a6:	49 89 d1             	mov    %rdx,%r9
    10a9:	5e                   	pop    %rsi
    10aa:	48 89 e2             	mov    %rsp,%rdx
    10ad:	48 83 e4 f0          	and    $0xfffffffffffffff0,%rsp
    10b1:	50                   	push   %rax
    10b2:	54                   	push   %rsp
    10b3:	45 31 c0             	xor    %r8d,%r8d
    10b6:	31 c9                	xor    %ecx,%ecx
    10b8:	48 8d 3d ca 00 00 00 	lea    0xca(%rip),%rdi        # 1189 <main>
    10bf:	ff 15 13 2f 00 00    	call   *0x2f13(%rip)        # 3fd8 <__libc_start_main@GLIBC_2.34>
    10c5:	f4                   	hlt    
    10c6:	66 2e 0f 1f 84 00 00 	cs nopw 0x0(%rax,%rax,1)
    10cd:	00 00 00 

00000000000010d0 <deregister_tm_clones>:
    10d0:	48 8d 3d 39 2f 00 00 	lea    0x2f39(%rip),%rdi        # 4010 <__TMC_END__>
    10d7:	48 8d 05 32 2f 00 00 	lea    0x2f32(%rip),%rax        # 4010 <__TMC_END__>
    10de:	48 39 f8             	cmp    %rdi,%rax
    10e1:	74 15                	je     10f8 <deregister_tm_clones+0x28>
    10e3:	48 8b 05 f6 2e 00 00 	mov    0x2ef6(%rip),%rax        # 3fe0 <_ITM_deregisterTMCloneTable@Base>
    10ea:	48 85 c0             	test   %rax,%rax
    10ed:	74 09                	je     10f8 <deregister_tm_clones+0x28>
    10ef:	ff e0                	jmp    *%rax
    10f1:	0f 1f 80 00 00 00 00 	nopl   0x0(%rax)
    10f8:	c3                   	ret    
    10f9:	0f 1f 80 00 00 00 00 	nopl   0x0(%rax)

0000000000001100 <register_tm_clones>:
    1100:	48 8d 3d 09 2f 00 00 	lea    0x2f09(%rip),%rdi        # 4010 <__TMC_END__>
    1107:	48 8d 35 02 2f 00 00 	lea    0x2f02(%rip),%rsi        # 4010 <__TMC_END__>
    110e:	48 29 fe             	sub    %rdi,%rsi
    1111:	48 89 f0             	mov    %rsi,%rax
    1114:	48 c1 ee 3f          	shr    $0x3f,%rsi
    1118:	48 c1 f8 03          	sar    $0x3,%rax
    111c:	48 01 c6             	add    %rax,%rsi
    111f:	48 d1 fe             	sar    %rsi
    1122:	74 14                	je     1138 <register_tm_clones+0x38>
    1124:	48 8b 05 c5 2e 00 00 	mov    0x2ec5(%rip),%rax        # 3ff0 <_ITM_registerTMCloneTable@Base>
    112b:	48 85 c0             	test   %rax,%rax
    112e:	74 08                	je     1138 <register_tm_clones+0x38>
    1130:	ff e0                	jmp    *%rax
    1132:	66 0f 1f 44 00 00    	nopw   0x0(%rax,%rax,1)
    1138:	c3                   	ret    
    1139:	0f 1f 80 00 00 00 00 	nopl   0x0(%rax)

0000000000001140 <__do_global_dtors_aux>:
    1140:	f3 0f 1e fa          	endbr64 
    1144:	80 3d c5 2e 00 00 00 	cmpb   $0x0,0x2ec5(%rip)        # 4010 <__TMC_END__>
    114b:	75 2b                	jne    1178 <__do_global_dtors_aux+0x38>
    114d:	55                   	push   %rbp
    114e:	48 83 3d a2 2e 00 00 	cmpq   $0x0,0x2ea2(%rip)        # 3ff8 <__cxa_finalize@GLIBC_2.2.5>
    1155:	00 
    1156:	48 89 e5             	mov    %rsp,%rbp
    1159:	74 0c                	je     1167 <__do_global_dtors_aux+0x27>
    115b:	48 8b 3d a6 2e 00 00 	mov    0x2ea6(%rip),%rdi        # 4008 <__dso_handle>
    1162:	e8 f9 fe ff ff       	call   1060 <__cxa_finalize@plt>
    1167:	e8 64 ff ff ff       	call   10d0 <deregister_tm_clones>
    116c:	c6 05 9d 2e 00 00 01 	movb   $0x1,0x2e9d(%rip)        # 4010 <__TMC_END__>
    1173:	5d                   	pop    %rbp
    1174:	c3                   	ret    
    1175:	0f 1f 00             	nopl   (%rax)
    1178:	c3                   	ret    
    1179:	0f 1f 80 00 00 00 00 	nopl   0x0(%rax)

0000000000001180 <frame_dummy>:
    1180:	f3 0f 1e fa          	endbr64 
    1184:	e9 77 ff ff ff       	jmp    1100 <register_tm_clones>

0000000000001189 <main>:
    1189:	f3 0f 1e fa          	endbr64 
    118d:	55                   	push   %rbp
    118e:	48 89 e5             	mov    %rsp,%rbp
    1191:	be 03 00 00 00       	mov    $0x3,%esi
    1196:	bf 05 00 00 00       	mov    $0x5,%edi
    119b:	e8 d0 fe ff ff       	call   1070 <add@plt>
    11a0:	89 c6                	mov    %eax,%esi
    11a2:	48 8d 3d 5b 0e 00 00 	lea    0xe5b(%rip),%rdi        # 2004 <_IO_stdin_used+0x4>
    11a9:	b8 00 00 00 00       	mov    $0x0,%eax
    11ae:	e8 cd fe ff ff       	call   1080 <printf@plt>
    11b3:	be 03 00 00 00       	mov    $0x3,%esi
    11b8:	bf 05 00 00 00       	mov    $0x5,%edi
    11bd:	e8 ce fe ff ff       	call   1090 <subtract@plt>
    11c2:	89 c6                	mov    %eax,%esi
    11c4:	48 8d 3d 52 0e 00 00 	lea    0xe52(%rip),%rdi        # 201d <_IO_stdin_used+0x1d>
    11cb:	b8 00 00 00 00       	mov    $0x0,%eax
    11d0:	e8 ab fe ff ff       	call   1080 <printf@plt>
    11d5:	b8 00 00 00 00       	mov    $0x0,%eax
    11da:	5d                   	pop    %rbp
    11db:	c3                   	ret    

Disassembly of section .fini:

00000000000011dc <_fini>:
    11dc:	f3 0f 1e fa          	endbr64 
    11e0:	48 83 ec 08          	sub    $0x8,%rsp
    11e4:	48 83 c4 08          	add    $0x8,%rsp
    11e8:	c3                   	ret    

Disassembly of section .rodata:

0000000000002000 <_IO_stdin_used>:
    2000:	01 00                	add    %eax,(%rax)
    2002:	02 00                	add    (%rax),%al
    2004:	52                   	push   %rdx
    2005:	65 73 75             	gs jae 207d <__GNU_EH_FRAME_HDR+0x41>
    2008:	6c                   	insb   (%dx),%es:(%rdi)
    2009:	74 20                	je     202b <_IO_stdin_used+0x2b>
    200b:	6f                   	outsl  %ds:(%rsi),(%dx)
    200c:	66 20 61 64          	data16 and %ah,0x64(%rcx)
    2010:	64 28 35 2c 20 33 29 	sub    %dh,%fs:0x2933202c(%rip)        # 29334043 <_end+0x2933002b>
    2017:	3a 20                	cmp    (%rax),%ah
    2019:	25 64 0a 00 52       	and    $0x52000a64,%eax
    201e:	65 73 75             	gs jae 2096 <__GNU_EH_FRAME_HDR+0x5a>
    2021:	6c                   	insb   (%dx),%es:(%rdi)
    2022:	74 20                	je     2044 <__GNU_EH_FRAME_HDR+0x8>
    2024:	6f                   	outsl  %ds:(%rsi),(%dx)
    2025:	66 20 73 75          	data16 and %dh,0x75(%rbx)
    2029:	62                   	(bad)  
    202a:	74 72                	je     209e <__GNU_EH_FRAME_HDR+0x62>
    202c:	61                   	(bad)  
    202d:	63 74 28 35          	movsxd 0x35(%rax,%rbp,1),%esi
    2031:	2c 20                	sub    $0x20,%al
    2033:	33 29                	xor    (%rcx),%ebp
    2035:	3a 20                	cmp    (%rax),%ah
    2037:	25                   	.byte 0x25
    2038:	64 0a 00             	or     %fs:(%rax),%al

Disassembly of section .eh_frame_hdr:

000000000000203c <__GNU_EH_FRAME_HDR>:
    203c:	01 1b                	add    %ebx,(%rbx)
    203e:	03 3b                	add    (%rbx),%edi
    2040:	30 00                	xor    %al,(%rax)
    2042:	00 00                	add    %al,(%rax)
    2044:	05 00 00 00 e4       	add    $0xe4000000,%eax
    2049:	ef                   	out    %eax,(%dx)
    204a:	ff                   	(bad)  
    204b:	ff 64 00 00          	jmp    *0x0(%rax,%rax,1)
    204f:	00 24 f0             	add    %ah,(%rax,%rsi,8)
    2052:	ff                   	(bad)  
    2053:	ff 8c 00 00 00 34 f0 	decl   -0xfcc0000(%rax,%rax,1)
    205a:	ff                   	(bad)  
    205b:	ff a4 00 00 00 64 f0 	jmp    *-0xf9c0000(%rax,%rax,1)
    2062:	ff                   	(bad)  
    2063:	ff 4c 00 00          	decl   0x0(%rax,%rax,1)
    2067:	00 4d f1             	add    %cl,-0xf(%rbp)
    206a:	ff                   	(bad)  
    206b:	ff                   	(bad)  
    206c:	bc                   	.byte 0xbc
    206d:	00 00                	add    %al,(%rax)
	...

Disassembly of section .eh_frame:

0000000000002070 <__FRAME_END__-0xa8>:
    2070:	14 00                	adc    $0x0,%al
    2072:	00 00                	add    %al,(%rax)
    2074:	00 00                	add    %al,(%rax)
    2076:	00 00                	add    %al,(%rax)
    2078:	01 7a 52             	add    %edi,0x52(%rdx)
    207b:	00 01                	add    %al,(%rcx)
    207d:	78 10                	js     208f <__GNU_EH_FRAME_HDR+0x53>
    207f:	01 1b                	add    %ebx,(%rbx)
    2081:	0c 07                	or     $0x7,%al
    2083:	08 90 01 00 00 14    	or     %dl,0x14000001(%rax)
    2089:	00 00                	add    %al,(%rax)
    208b:	00 1c 00             	add    %bl,(%rax,%rax,1)
    208e:	00 00                	add    %al,(%rax)
    2090:	10 f0                	adc    %dh,%al
    2092:	ff                   	(bad)  
    2093:	ff 26                	jmp    *(%rsi)
    2095:	00 00                	add    %al,(%rax)
    2097:	00 00                	add    %al,(%rax)
    2099:	44 07                	rex.R (bad) 
    209b:	10 00                	adc    %al,(%rax)
    209d:	00 00                	add    %al,(%rax)
    209f:	00 24 00             	add    %ah,(%rax,%rax,1)
    20a2:	00 00                	add    %al,(%rax)
    20a4:	34 00                	xor    $0x0,%al
    20a6:	00 00                	add    %al,(%rax)
    20a8:	78 ef                	js     2099 <__GNU_EH_FRAME_HDR+0x5d>
    20aa:	ff                   	(bad)  
    20ab:	ff 40 00             	incl   0x0(%rax)
    20ae:	00 00                	add    %al,(%rax)
    20b0:	00 0e                	add    %cl,(%rsi)
    20b2:	10 46 0e             	adc    %al,0xe(%rsi)
    20b5:	18 4a 0f             	sbb    %cl,0xf(%rdx)
    20b8:	0b 77 08             	or     0x8(%rdi),%esi
    20bb:	80 00 3f             	addb   $0x3f,(%rax)
    20be:	1a 3a                	sbb    (%rdx),%bh
    20c0:	2a 33                	sub    (%rbx),%dh
    20c2:	24 22                	and    $0x22,%al
    20c4:	00 00                	add    %al,(%rax)
    20c6:	00 00                	add    %al,(%rax)
    20c8:	14 00                	adc    $0x0,%al
    20ca:	00 00                	add    %al,(%rax)
    20cc:	5c                   	pop    %rsp
    20cd:	00 00                	add    %al,(%rax)
    20cf:	00 90 ef ff ff 10    	add    %dl,0x10ffffef(%rax)
	...
    20dd:	00 00                	add    %al,(%rax)
    20df:	00 14 00             	add    %dl,(%rax,%rax,1)
    20e2:	00 00                	add    %al,(%rax)
    20e4:	74 00                	je     20e6 <__GNU_EH_FRAME_HDR+0xaa>
    20e6:	00 00                	add    %al,(%rax)
    20e8:	88 ef                	mov    %ch,%bh
    20ea:	ff                   	(bad)  
    20eb:	ff 30                	push   (%rax)
	...
    20f5:	00 00                	add    %al,(%rax)
    20f7:	00 1c 00             	add    %bl,(%rax,%rax,1)
    20fa:	00 00                	add    %al,(%rax)
    20fc:	8c 00                	mov    %es,(%rax)
    20fe:	00 00                	add    %al,(%rax)
    2100:	89 f0                	mov    %esi,%eax
    2102:	ff                   	(bad)  
    2103:	ff 53 00             	call   *0x0(%rbx)
    2106:	00 00                	add    %al,(%rax)
    2108:	00 45 0e             	add    %al,0xe(%rbp)
    210b:	10 86 02 43 0d 06    	adc    %al,0x60d4302(%rsi)
    2111:	02 4a 0c             	add    0xc(%rdx),%cl
    2114:	07                   	(bad)  
    2115:	08 00                	or     %al,(%rax)
	...

0000000000002118 <__FRAME_END__>:
    2118:	00 00                	add    %al,(%rax)
	...

Disassembly of section .init_array:

0000000000003d98 <__frame_dummy_init_array_entry>:
    3d98:	80 11 00             	adcb   $0x0,(%rcx)
    3d9b:	00 00                	add    %al,(%rax)
    3d9d:	00 00                	add    %al,(%rax)
	...

Disassembly of section .fini_array:

0000000000003da0 <__do_global_dtors_aux_fini_array_entry>:
    3da0:	40 11 00             	rex adc %eax,(%rax)
    3da3:	00 00                	add    %al,(%rax)
    3da5:	00 00                	add    %al,(%rax)
	...

Disassembly of section .dynamic:

0000000000003da8 <_DYNAMIC>:
    3da8:	01 00                	add    %eax,(%rax)
    3daa:	00 00                	add    %al,(%rax)
    3dac:	00 00                	add    %al,(%rax)
    3dae:	00 00                	add    %al,(%rax)
    3db0:	7b 00                	jnp    3db2 <_DYNAMIC+0xa>
    3db2:	00 00                	add    %al,(%rax)
    3db4:	00 00                	add    %al,(%rax)
    3db6:	00 00                	add    %al,(%rax)
    3db8:	01 00                	add    %eax,(%rax)
    3dba:	00 00                	add    %al,(%rax)
    3dbc:	00 00                	add    %al,(%rax)
    3dbe:	00 00                	add    %al,(%rax)
    3dc0:	88 00                	mov    %al,(%rax)
    3dc2:	00 00                	add    %al,(%rax)
    3dc4:	00 00                	add    %al,(%rax)
    3dc6:	00 00                	add    %al,(%rax)
    3dc8:	0c 00                	or     $0x0,%al
    3dca:	00 00                	add    %al,(%rax)
    3dcc:	00 00                	add    %al,(%rax)
    3dce:	00 00                	add    %al,(%rax)
    3dd0:	00 10                	add    %dl,(%rax)
    3dd2:	00 00                	add    %al,(%rax)
    3dd4:	00 00                	add    %al,(%rax)
    3dd6:	00 00                	add    %al,(%rax)
    3dd8:	0d 00 00 00 00       	or     $0x0,%eax
    3ddd:	00 00                	add    %al,(%rax)
    3ddf:	00 dc                	add    %bl,%ah
    3de1:	11 00                	adc    %eax,(%rax)
    3de3:	00 00                	add    %al,(%rax)
    3de5:	00 00                	add    %al,(%rax)
    3de7:	00 19                	add    %bl,(%rcx)
    3de9:	00 00                	add    %al,(%rax)
    3deb:	00 00                	add    %al,(%rax)
    3ded:	00 00                	add    %al,(%rax)
    3def:	00 98 3d 00 00 00    	add    %bl,0x3d(%rax)
    3df5:	00 00                	add    %al,(%rax)
    3df7:	00 1b                	add    %bl,(%rbx)
    3df9:	00 00                	add    %al,(%rax)
    3dfb:	00 00                	add    %al,(%rax)
    3dfd:	00 00                	add    %al,(%rax)
    3dff:	00 08                	add    %cl,(%rax)
    3e01:	00 00                	add    %al,(%rax)
    3e03:	00 00                	add    %al,(%rax)
    3e05:	00 00                	add    %al,(%rax)
    3e07:	00 1a                	add    %bl,(%rdx)
    3e09:	00 00                	add    %al,(%rax)
    3e0b:	00 00                	add    %al,(%rax)
    3e0d:	00 00                	add    %al,(%rax)
    3e0f:	00 a0 3d 00 00 00    	add    %ah,0x3d(%rax)
    3e15:	00 00                	add    %al,(%rax)
    3e17:	00 1c 00             	add    %bl,(%rax,%rax,1)
    3e1a:	00 00                	add    %al,(%rax)
    3e1c:	00 00                	add    %al,(%rax)
    3e1e:	00 00                	add    %al,(%rax)
    3e20:	08 00                	or     %al,(%rax)
    3e22:	00 00                	add    %al,(%rax)
    3e24:	00 00                	add    %al,(%rax)
    3e26:	00 00                	add    %al,(%rax)
    3e28:	f5                   	cmc    
    3e29:	fe                   	(bad)  
    3e2a:	ff 6f 00             	ljmp   *0x0(%rdi)
    3e2d:	00 00                	add    %al,(%rax)
    3e2f:	00 b0 03 00 00 00    	add    %dh,0x3(%rax)
    3e35:	00 00                	add    %al,(%rax)
    3e37:	00 05 00 00 00 00    	add    %al,0x0(%rip)        # 3e3d <_DYNAMIC+0x95>
    3e3d:	00 00                	add    %al,(%rax)
    3e3f:	00 b0 04 00 00 00    	add    %dh,0x4(%rax)
    3e45:	00 00                	add    %al,(%rax)
    3e47:	00 06                	add    %al,(%rsi)
    3e49:	00 00                	add    %al,(%rax)
    3e4b:	00 00                	add    %al,(%rax)
    3e4d:	00 00                	add    %al,(%rax)
    3e4f:	00 d8                	add    %bl,%al
    3e51:	03 00                	add    (%rax),%eax
    3e53:	00 00                	add    %al,(%rax)
    3e55:	00 00                	add    %al,(%rax)
    3e57:	00 0a                	add    %cl,(%rdx)
    3e59:	00 00                	add    %al,(%rax)
    3e5b:	00 00                	add    %al,(%rax)
    3e5d:	00 00                	add    %al,(%rax)
    3e5f:	00 a9 00 00 00 00    	add    %ch,0x0(%rcx)
    3e65:	00 00                	add    %al,(%rax)
    3e67:	00 0b                	add    %cl,(%rbx)
    3e69:	00 00                	add    %al,(%rax)
    3e6b:	00 00                	add    %al,(%rax)
    3e6d:	00 00                	add    %al,(%rax)
    3e6f:	00 18                	add    %bl,(%rax)
    3e71:	00 00                	add    %al,(%rax)
    3e73:	00 00                	add    %al,(%rax)
    3e75:	00 00                	add    %al,(%rax)
    3e77:	00 15 00 00 00 00    	add    %dl,0x0(%rip)        # 3e7d <_DYNAMIC+0xd5>
	...
    3e85:	00 00                	add    %al,(%rax)
    3e87:	00 03                	add    %al,(%rbx)
    3e89:	00 00                	add    %al,(%rax)
    3e8b:	00 00                	add    %al,(%rax)
    3e8d:	00 00                	add    %al,(%rax)
    3e8f:	00 a8 3f 00 00 00    	add    %ch,0x3f(%rax)
    3e95:	00 00                	add    %al,(%rax)
    3e97:	00 02                	add    %al,(%rdx)
    3e99:	00 00                	add    %al,(%rax)
    3e9b:	00 00                	add    %al,(%rax)
    3e9d:	00 00                	add    %al,(%rax)
    3e9f:	00 48 00             	add    %cl,0x0(%rax)
    3ea2:	00 00                	add    %al,(%rax)
    3ea4:	00 00                	add    %al,(%rax)
    3ea6:	00 00                	add    %al,(%rax)
    3ea8:	14 00                	adc    $0x0,%al
    3eaa:	00 00                	add    %al,(%rax)
    3eac:	00 00                	add    %al,(%rax)
    3eae:	00 00                	add    %al,(%rax)
    3eb0:	07                   	(bad)  
    3eb1:	00 00                	add    %al,(%rax)
    3eb3:	00 00                	add    %al,(%rax)
    3eb5:	00 00                	add    %al,(%rax)
    3eb7:	00 17                	add    %dl,(%rdi)
    3eb9:	00 00                	add    %al,(%rax)
    3ebb:	00 00                	add    %al,(%rax)
    3ebd:	00 00                	add    %al,(%rax)
    3ebf:	00 60 06             	add    %ah,0x6(%rax)
    3ec2:	00 00                	add    %al,(%rax)
    3ec4:	00 00                	add    %al,(%rax)
    3ec6:	00 00                	add    %al,(%rax)
    3ec8:	07                   	(bad)  
    3ec9:	00 00                	add    %al,(%rax)
    3ecb:	00 00                	add    %al,(%rax)
    3ecd:	00 00                	add    %al,(%rax)
    3ecf:	00 a0 05 00 00 00    	add    %ah,0x5(%rax)
    3ed5:	00 00                	add    %al,(%rax)
    3ed7:	00 08                	add    %cl,(%rax)
    3ed9:	00 00                	add    %al,(%rax)
    3edb:	00 00                	add    %al,(%rax)
    3edd:	00 00                	add    %al,(%rax)
    3edf:	00 c0                	add    %al,%al
    3ee1:	00 00                	add    %al,(%rax)
    3ee3:	00 00                	add    %al,(%rax)
    3ee5:	00 00                	add    %al,(%rax)
    3ee7:	00 09                	add    %cl,(%rcx)
    3ee9:	00 00                	add    %al,(%rax)
    3eeb:	00 00                	add    %al,(%rax)
    3eed:	00 00                	add    %al,(%rax)
    3eef:	00 18                	add    %bl,(%rax)
    3ef1:	00 00                	add    %al,(%rax)
    3ef3:	00 00                	add    %al,(%rax)
    3ef5:	00 00                	add    %al,(%rax)
    3ef7:	00 1e                	add    %bl,(%rsi)
    3ef9:	00 00                	add    %al,(%rax)
    3efb:	00 00                	add    %al,(%rax)
    3efd:	00 00                	add    %al,(%rax)
    3eff:	00 08                	add    %cl,(%rax)
    3f01:	00 00                	add    %al,(%rax)
    3f03:	00 00                	add    %al,(%rax)
    3f05:	00 00                	add    %al,(%rax)
    3f07:	00 fb                	add    %bh,%bl
    3f09:	ff                   	(bad)  
    3f0a:	ff 6f 00             	ljmp   *0x0(%rdi)
    3f0d:	00 00                	add    %al,(%rax)
    3f0f:	00 01                	add    %al,(%rcx)
    3f11:	00 00                	add    %al,(%rax)
    3f13:	08 00                	or     %al,(%rax)
    3f15:	00 00                	add    %al,(%rax)
    3f17:	00 fe                	add    %bh,%dh
    3f19:	ff                   	(bad)  
    3f1a:	ff 6f 00             	ljmp   *0x0(%rdi)
    3f1d:	00 00                	add    %al,(%rax)
    3f1f:	00 70 05             	add    %dh,0x5(%rax)
    3f22:	00 00                	add    %al,(%rax)
    3f24:	00 00                	add    %al,(%rax)
    3f26:	00 00                	add    %al,(%rax)
    3f28:	ff                   	(bad)  
    3f29:	ff                   	(bad)  
    3f2a:	ff 6f 00             	ljmp   *0x0(%rdi)
    3f2d:	00 00                	add    %al,(%rax)
    3f2f:	00 01                	add    %al,(%rcx)
    3f31:	00 00                	add    %al,(%rax)
    3f33:	00 00                	add    %al,(%rax)
    3f35:	00 00                	add    %al,(%rax)
    3f37:	00 f0                	add    %dh,%al
    3f39:	ff                   	(bad)  
    3f3a:	ff 6f 00             	ljmp   *0x0(%rdi)
    3f3d:	00 00                	add    %al,(%rax)
    3f3f:	00 5a 05             	add    %bl,0x5(%rdx)
    3f42:	00 00                	add    %al,(%rax)
    3f44:	00 00                	add    %al,(%rax)
    3f46:	00 00                	add    %al,(%rax)
    3f48:	f9                   	stc    
    3f49:	ff                   	(bad)  
    3f4a:	ff 6f 00             	ljmp   *0x0(%rdi)
    3f4d:	00 00                	add    %al,(%rax)
    3f4f:	00 03                	add    %al,(%rbx)
	...

Disassembly of section .got:

0000000000003fa8 <_GLOBAL_OFFSET_TABLE_>:
    3fa8:	a8 3d                	test   $0x3d,%al
	...
    3fbe:	00 00                	add    %al,(%rax)
    3fc0:	30 10                	xor    %dl,(%rax)
    3fc2:	00 00                	add    %al,(%rax)
    3fc4:	00 00                	add    %al,(%rax)
    3fc6:	00 00                	add    %al,(%rax)
    3fc8:	40 10 00             	rex adc %al,(%rax)
    3fcb:	00 00                	add    %al,(%rax)
    3fcd:	00 00                	add    %al,(%rax)
    3fcf:	00 50 10             	add    %dl,0x10(%rax)
	...

Disassembly of section .data:

0000000000004000 <__data_start>:
	...

0000000000004008 <__dso_handle>:
    4008:	08 40 00             	or     %al,0x0(%rax)
    400b:	00 00                	add    %al,(%rax)
    400d:	00 00                	add    %al,(%rax)
	...

Disassembly of section .bss:

0000000000004010 <completed.8099>:
	...

Disassembly of section .comment:

0000000000000000 <.comment>:
   0:	47                   	rex.RXB
   1:	43                   	rex.XB
   2:	43 3a 20             	rex.XB cmp (%r8),%spl
   5:	28 55 62             	sub    %dl,0x62(%rbp)
   8:	75 6e                	jne    78 <__abi_tag-0x314>
   a:	74 75                	je     81 <__abi_tag-0x30b>
   c:	20 39                	and    %bh,(%rcx)
   e:	2e 35 2e 30 2d 31    	cs xor $0x312d302e,%eax
  14:	75 62                	jne    78 <__abi_tag-0x314>
  16:	75 6e                	jne    86 <__abi_tag-0x306>
  18:	74 75                	je     8f <__abi_tag-0x2fd>
  1a:	31 7e 32             	xor    %edi,0x32(%rsi)
  1d:	32 2e                	xor    (%rsi),%ch
  1f:	30 34 29             	xor    %dh,(%rcx,%rbp,1)
  22:	20 39                	and    %bh,(%rcx)
  24:	2e                   	cs
  25:	35                   	.byte 0x35
  26:	2e 30 00             	cs xor %al,(%rax)
