gcc -I./include -c -fPIC src/mymath.c -o obj/mymath.o
ar rcs lib/libmymath.a obj/mymath.o
gcc -I./include main.c lib/libmymath.a -o exe_with_static_lib
gcc -shared -o lib/libmymath.so obj/mymath.o
gcc -I./include main.c -L./lib -lmymath -o exe_with_dynamic_lib
gcc -v -I./include -static main.c -L./lib -lmymath -o statically_linked
Using built-in specs.
COLLECT_GCC=gcc
COLLECT_LTO_WRAPPER=/usr/lib/gcc/x86_64-linux-gnu/9/lto-wrapper
OFFLOAD_TARGET_NAMES=nvptx-none:hsa
OFFLOAD_TARGET_DEFAULT=1
Target: x86_64-linux-gnu
Configured with: ../src/configure -v --with-pkgversion='Ubuntu 9.5.0-1ubuntu1~22.04' --with-bugurl=file:///usr/share/doc/gcc-9/README.Bugs --enable-languages=c,ada,c++,go,brig,d,fortran,objc,obj-c++,gm2 --prefix=/usr --with-gcc-major-version-only --program-suffix=-9 --program-prefix=x86_64-linux-gnu- --enable-shared --enable-linker-build-id --libexecdir=/usr/lib --without-included-gettext --enable-threads=posix --libdir=/usr/lib --enable-nls --enable-bootstrap --enable-clocale=gnu --enable-libstdcxx-debug --enable-libstdcxx-time=yes --with-default-libstdcxx-abi=new --enable-gnu-unique-object --disable-vtable-verify --enable-plugin --enable-default-pie --with-system-zlib --with-target-system-zlib=auto --enable-objc-gc=auto --enable-multiarch --disable-werror --with-arch-32=i686 --with-abi=m64 --with-multilib-list=m32,m64,mx32 --enable-multilib --with-tune=generic --enable-offload-targets=nvptx-none=/build/gcc-9-5Q4PKF/gcc-9-9.5.0/debian/tmp-nvptx/usr,hsa --without-cuda-driver --enable-checking=release --build=x86_64-linux-gnu --host=x86_64-linux-gnu --target=x86_64-linux-gnu --with-build-config=bootstrap-lto-lean --enable-link-mutex
Thread model: posix
gcc version 9.5.0 (Ubuntu 9.5.0-1ubuntu1~22.04) 
COLLECT_GCC_OPTIONS='-v' '-I' './include' '-static' '-L./lib' '-o' 'statically_linked' '-mtune=generic' '-march=x86-64'
 /usr/lib/gcc/x86_64-linux-gnu/9/cc1 -quiet -v -I ./include -imultiarch x86_64-linux-gnu main.c -quiet -dumpbase main.c -mtune=generic -march=x86-64 -auxbase main -version -fasynchronous-unwind-tables -fstack-protector-strong -Wformat -Wformat-security -fstack-clash-protection -fcf-protection -o /tmp/cc4yOib7.s
GNU C17 (Ubuntu 9.5.0-1ubuntu1~22.04) version 9.5.0 (x86_64-linux-gnu)
	compiled by GNU C version 9.5.0, GMP version 6.2.1, MPFR version 4.1.0, MPC version 1.2.1, isl version isl-0.24-GMP

GGC heuristics: --param ggc-min-expand=100 --param ggc-min-heapsize=131072
ignoring nonexistent directory "/usr/local/include/x86_64-linux-gnu"
ignoring nonexistent directory "/usr/lib/gcc/x86_64-linux-gnu/9/include-fixed"
ignoring nonexistent directory "/usr/lib/gcc/x86_64-linux-gnu/9/../../../../x86_64-linux-gnu/include"
#include "..." search starts here:
#include <...> search starts here:
 ./include
 /usr/lib/gcc/x86_64-linux-gnu/9/include
 /usr/local/include
 /usr/include/x86_64-linux-gnu
 /usr/include
End of search list.
GNU C17 (Ubuntu 9.5.0-1ubuntu1~22.04) version 9.5.0 (x86_64-linux-gnu)
	compiled by GNU C version 9.5.0, GMP version 6.2.1, MPFR version 4.1.0, MPC version 1.2.1, isl version isl-0.24-GMP

GGC heuristics: --param ggc-min-expand=100 --param ggc-min-heapsize=131072
Compiler executable checksum: c06b418b6d49939739c4e6ad993cce11
COLLECT_GCC_OPTIONS='-v' '-I' './include' '-static' '-L./lib' '-o' 'statically_linked' '-mtune=generic' '-march=x86-64'
 as -v -I ./include --64 -o /tmp/cc7gYot5.o /tmp/cc4yOib7.s
GNU assembler version 2.38 (x86_64-linux-gnu) using BFD version (GNU Binutils for Ubuntu) 2.38
COMPILER_PATH=/usr/lib/gcc/x86_64-linux-gnu/9/:/usr/lib/gcc/x86_64-linux-gnu/9/:/usr/lib/gcc/x86_64-linux-gnu/:/usr/lib/gcc/x86_64-linux-gnu/9/:/usr/lib/gcc/x86_64-linux-gnu/
LIBRARY_PATH=/usr/lib/gcc/x86_64-linux-gnu/9/:/usr/lib/gcc/x86_64-linux-gnu/9/../../../x86_64-linux-gnu/:/usr/lib/gcc/x86_64-linux-gnu/9/../../../../lib/:/lib/x86_64-linux-gnu/:/lib/../lib/:/usr/lib/x86_64-linux-gnu/:/usr/lib/../lib/:/usr/lib/gcc/x86_64-linux-gnu/9/../../../:/lib/:/usr/lib/
COLLECT_GCC_OPTIONS='-v' '-I' './include' '-static' '-L./lib' '-o' 'statically_linked' '-mtune=generic' '-march=x86-64'
 /usr/lib/gcc/x86_64-linux-gnu/9/collect2 -plugin /usr/lib/gcc/x86_64-linux-gnu/9/liblto_plugin.so -plugin-opt=/usr/lib/gcc/x86_64-linux-gnu/9/lto-wrapper -plugin-opt=-fresolution=/tmp/ccG4nUvj.res -plugin-opt=-pass-through=-lgcc -plugin-opt=-pass-through=-lgcc_eh -plugin-opt=-pass-through=-lc --build-id -m elf_x86_64 --hash-style=gnu --as-needed -static -z relro -o statically_linked /usr/lib/gcc/x86_64-linux-gnu/9/../../../x86_64-linux-gnu/crt1.o /usr/lib/gcc/x86_64-linux-gnu/9/../../../x86_64-linux-gnu/crti.o /usr/lib/gcc/x86_64-linux-gnu/9/crtbeginT.o -L./lib -L/usr/lib/gcc/x86_64-linux-gnu/9 -L/usr/lib/gcc/x86_64-linux-gnu/9/../../../x86_64-linux-gnu -L/usr/lib/gcc/x86_64-linux-gnu/9/../../../../lib -L/lib/x86_64-linux-gnu -L/lib/../lib -L/usr/lib/x86_64-linux-gnu -L/usr/lib/../lib -L/usr/lib/gcc/x86_64-linux-gnu/9/../../.. /tmp/cc7gYot5.o -lmymath --start-group -lgcc -lgcc_eh -lc --end-group /usr/lib/gcc/x86_64-linux-gnu/9/crtend.o /usr/lib/gcc/x86_64-linux-gnu/9/../../../x86_64-linux-gnu/crtn.o
COLLECT_GCC_OPTIONS='-v' '-I' './include' '-static' '-L./lib' '-o' 'statically_linked' '-mtune=generic' '-march=x86-64'
gcc -o proc_map  proc_map.c
====================================================
<0> Lets see all the lib present (.a = static, .so = dynamic)
====================================================
ls -l lib/
total 1
-rw-rw-r-- 1 ssing214 ssing214  1890 May 28 10:14 libmymath.a
-rwxrwxr-x 1 ssing214 ssing214 15608 May 28 10:14 libmymath.so
====================================================
<1> Lets see the exe with static lib and dynamic lib
====================================================
file exe_with_static_lib
exe_with_static_lib: ELF 64-bit LSB pie executable, x86-64, version 1 (SYSV), dynamically linked, interpreter /lib64/ld-linux-x86-64.so.2, BuildID[sha1]=bbcf04dbace4b4e486da0d7d2d908c6d823f90ef, for GNU/Linux 3.2.0, not stripped
file exe_with_dynamic_lib
exe_with_dynamic_lib: ELF 64-bit LSB pie executable, x86-64, version 1 (SYSV), dynamically linked, interpreter /lib64/ld-linux-x86-64.so.2, BuildID[sha1]=1216207f0987741f0a070be1b3c7469507dd3088, for GNU/Linux 3.2.0, not stripped
ldd exe_with_static_lib
	linux-vdso.so.1 (0x00007ffff7fc1000)
	libc.so.6 => /lib/x86_64-linux-gnu/libc.so.6 (0x00007ffff7d78000)
	/lib64/ld-linux-x86-64.so.2 (0x00007ffff7fc3000)
ldd exe_with_dynamic_lib
	linux-vdso.so.1 (0x00007ffff7fc1000)
	libmymath.so => not found
	libc.so.6 => /lib/x86_64-linux-gnu/libc.so.6 (0x00007ffff7d78000)
	/lib64/ld-linux-x86-64.so.2 (0x00007ffff7fc3000)
====================================================
<2> static library code get added during linked time (more disk space)
====================================================
ls -l exe_with_static_lib
-rwxrwxr-x 1 ssing214 ssing214 16056 May 28 10:14 exe_with_static_lib
ls -l exe_with_dynamic_lib
-rwxrwxr-x 1 ssing214 ssing214 16024 May 28 10:14 exe_with_dynamic_lib
====================================================
<2.1> static library code got added in statically linked exe
====================================================
objdump -D exe_with_static_lib > exe_with_static_lib.objdump.out
objdump -D exe_with_dynamic_lib > exe_with_dynamic_lib.objdump.out
grep subtract exe_with_static_lib.objdump.out
    117d:	e8 4f 00 00 00       	call   11d1 <subtract>
00000000000011d1 <subtract>:
grep subtract exe_with_dynamic_lib.objdump.out
0000000000001090 <subtract@plt>:
    1094:	f2 ff 25 35 2f 00 00 	bnd jmp *0x2f35(%rip)        # 3fd0 <subtract@Base>
    11bd:	e8 ce fe ff ff       	call   1090 <subtract@plt>
====================================================
<3> Program which are statically linked, all the libraries are resolved linked time
    Exe will include all the libraries
    It mean that all the .so will be ignored by the linker
    Linker will use all the .a only
====================================================
ldd statically_linked || true
	not a dynamic executable
ls -l statically_linked
-rwxrwxr-x 1 ssing214 ssing214 900344 May 28 10:14 statically_linked
====================================================
<4> Which part of the shared libary are shared?
    libc's : .rodata & .text are shared (same pf)
           : r--p & r-xp
    libc's : .data & .bss are private (diff pf per process
           : rw-p & ---p, (---p = no pf allocated just guard page)
    As some parts of the files are shared and some are private
            whole file is privatly mmaped
====================================================
./proc_map
555555554000-555555555000 r--p 00000000 00:2f 78755674                   /home/ssing214/systems-lab/48-libraries/proc_map
555555555000-555555556000 r-xp 00001000 00:2f 78755674                   /home/ssing214/systems-lab/48-libraries/proc_map
555555556000-555555557000 r--p 00002000 00:2f 78755674                   /home/ssing214/systems-lab/48-libraries/proc_map
555555557000-555555558000 r--p 00002000 00:2f 78755674                   /home/ssing214/systems-lab/48-libraries/proc_map
555555558000-555555559000 rw-p 00003000 00:2f 78755674                   /home/ssing214/systems-lab/48-libraries/proc_map
555555559000-55555557a000 rw-p 00000000 00:00 0                          [heap]
7ffff7d7a000-7ffff7d7d000 rw-p 00000000 00:00 0 
7ffff7d7d000-7ffff7da5000 r--p 00000000 fd:00 3417332                    /usr/lib/x86_64-linux-gnu/libc.so.6
7ffff7da5000-7ffff7f3a000 r-xp 00028000 fd:00 3417332                    /usr/lib/x86_64-linux-gnu/libc.so.6
7ffff7f3a000-7ffff7f92000 r--p 001bd000 fd:00 3417332                    /usr/lib/x86_64-linux-gnu/libc.so.6
7ffff7f92000-7ffff7f93000 ---p 00215000 fd:00 3417332                    /usr/lib/x86_64-linux-gnu/libc.so.6
7ffff7f93000-7ffff7f97000 r--p 00215000 fd:00 3417332                    /usr/lib/x86_64-linux-gnu/libc.so.6
7ffff7f97000-7ffff7f99000 rw-p 00219000 fd:00 3417332                    /usr/lib/x86_64-linux-gnu/libc.so.6
7ffff7f99000-7ffff7fa6000 rw-p 00000000 00:00 0 
7ffff7fbb000-7ffff7fbd000 rw-p 00000000 00:00 0 
7ffff7fbd000-7ffff7fc1000 r--p 00000000 00:00 0                          [vvar]
7ffff7fc1000-7ffff7fc3000 r-xp 00000000 00:00 0                          [vdso]
7ffff7fc3000-7ffff7fc5000 r--p 00000000 fd:00 3409195                    /usr/lib/x86_64-linux-gnu/ld-linux-x86-64.so.2
7ffff7fc5000-7ffff7fef000 r-xp 00002000 fd:00 3409195                    /usr/lib/x86_64-linux-gnu/ld-linux-x86-64.so.2
7ffff7fef000-7ffff7ffa000 r--p 0002c000 fd:00 3409195                    /usr/lib/x86_64-linux-gnu/ld-linux-x86-64.so.2
7ffff7ffb000-7ffff7ffd000 r--p 00037000 fd:00 3409195                    /usr/lib/x86_64-linux-gnu/ld-linux-x86-64.so.2
7ffff7ffd000-7ffff7fff000 rw-p 00039000 fd:00 3409195                    /usr/lib/x86_64-linux-gnu/ld-linux-x86-64.so.2
7ffffffde000-7ffffffff000 rw-p 00000000 00:00 0                          [stack]
ffffffffff600000-ffffffffff601000 --xp 00000000 00:00 0                  [vsyscall]
====================================================
TODO: 
====================================================
	1.	kernel code which involve the mapping of shared librarys
	2.	ld code and elf-loading and where all the shared lib are stored
	3.	userspace loader in compound is not saving the memory? by sharing libs
